[0123/005618.851:ERROR:process_reader_win.cc(242)] ReadMemory at 0x7ff6b5650000 of 64 bytes failed: Only part of a ReadProcessMemory or WriteProcessMemory request was completed. (0x12B)
[0123/005618.856:WARNING:pe_image_reader.cc(302)] could not read dos header from C:\Program Files (x86)\Google\Chrome\Application\chrome.exe
[0123/005618.856:ERROR:process_reader_win.cc(242)] ReadMemory at 0x7ffd73bc0000 of 64 bytes failed: Only part of a ReadProcessMemory or WriteProcessMemory request was completed. (0x12B)
[0123/005618.856:WARNING:pe_image_reader.cc(302)] could not read dos header from C:\Windows\SYSTEM32\ntdll.dll
[0123/005618.856:ERROR:process_reader_win.cc(242)] ReadMemory at 0x7ffd72a80000 of 64 bytes failed: Only part of a ReadProcessMemory or WriteProcessMemory request was completed. (0x12B)
[0123/005618.857:WARNING:pe_image_reader.cc(302)] could not read dos header from C:\Windows\System32\KERNEL32.DLL
[0123/005618.857:ERROR:process_reader_win.cc(242)] ReadMemory at 0x7ffd700e0000 of 64 bytes failed: Only part of a ReadProcessMemory or WriteProcessMemory request was completed. (0x12B)
[0123/005618.857:WARNING:pe_image_reader.cc(302)] could not read dos header from C:\Windows\System32\KERNELBASE.dll
[0123/005618.857:ERROR:process_reader_win.cc(242)] ReadMemory at 0x7ffd6dc00000 of 64 bytes failed: Only part of a ReadProcessMemory or WriteProcessMemory request was completed. (0x12B)
[0123/005618.857:WARNING:pe_image_reader.cc(302)] could not read dos header from C:\Windows\SYSTEM32\apphelp.dll
[0123/005618.857:ERROR:process_reader_win.cc(242)] ReadMemory at 0x7ffd71440000 of 64 bytes failed: Only part of a ReadProcessMemory or WriteProcessMemory request was completed. (0x12B)
[0123/005618.857:WARNING:pe_image_reader.cc(302)] could not read dos header from C:\Windows\System32\SHELL32.dll
[0123/005618.857:ERROR:process_reader_win.cc(242)] ReadMemory at 0x7ffd732f0000 of 64 bytes failed: Only part of a ReadProcessMemory or WriteProcessMemory request was completed. (0x12B)
[0123/005618.857:WARNING:pe_image_reader.cc(302)] could not read dos header from C:\Windows\System32\msvcrt.dll
[0123/005618.857:ERROR:process_reader_win.cc(242)] ReadMemory at 0x7ffd70090000 of 64 bytes failed: Only part of a ReadProcessMemory or WriteProcessMemory request was completed. (0x12B)
[0123/005618.857:WARNING:pe_image_reader.cc(302)] could not read dos header from C:\Windows\System32\cfgmgr32.dll
[0123/005618.857:ERROR:process_reader_win.cc(242)] ReadMemory at 0x7ffd6ff90000 of 64 bytes failed: Only part of a ReadProcessMemory or WriteProcessMemory request was completed. (0x12B)
[0123/005618.857:WARNING:pe_image_reader.cc(302)] could not read dos header from C:\Windows\System32\ucrtbase.dll
[0123/005618.857:ERROR:process_reader_win.cc(242)] ReadMemory at 0x7ffd729d0000 of 64 bytes failed: Only part of a ReadProcessMemory or WriteProcessMemory request was completed. (0x12B)
[0123/005618.857:WARNING:pe_image_reader.cc(302)] could not read dos header from C:\Windows\System32\shcore.dll
[0123/005618.857:ERROR:process_reader_win.cc(242)] ReadMemory at 0x7ffd71310000 of 64 bytes failed: Only part of a ReadProcessMemory or WriteProcessMemory request was completed. (0x12B)
[0123/005618.857:WARNING:pe_image_reader.cc(302)] could not read dos header from C:\Windows\System32\RPCRT4.dll
[0123/005618.857:ERROR:process_reader_win.cc(242)] ReadMemory at 0x7ffd73590000 of 64 bytes failed: Only part of a ReadProcessMemory or WriteProcessMemory request was completed. (0x12B)
[0123/005618.857:WARNING:pe_image_reader.cc(302)] could not read dos header from C:\Windows\System32\combase.dll
[0123/005618.857:ERROR:process_reader_win.cc(242)] ReadMemory at 0x7ffd70fd0000 of 64 bytes failed: Only part of a ReadProcessMemory or WriteProcessMemory request was completed. (0x12B)
[0123/005618.857:WARNING:pe_image_reader.cc(302)] could not read dos header from C:\Windows\System32\bcryptPrimitives.dll
[0123/005618.857:ERROR:process_reader_win.cc(242)] ReadMemory at 0x7ffd70700000 of 64 bytes failed: Only part of a ReadProcessMemory or WriteProcessMemory request was completed. (0x12B)
[0123/005618.857:WARNING:pe_image_reader.cc(302)] could not read dos header from C:\Windows\System32\windows.storage.dll
[0123/005618.857:ERROR:process_reader_win.cc(242)] ReadMemory at 0x7ffd73a70000 of 64 bytes failed: Only part of a ReadProcessMemory or WriteProcessMemory request was completed. (0x12B)
[0123/005618.858:WARNING:pe_image_reader.cc(302)] could not read dos header from C:\Windows\System32\advapi32.dll
[0123/005618.858:ERROR:process_reader_win.cc(242)] ReadMemory at 0x7ffd73390000 of 64 bytes failed: Only part of a ReadProcessMemory or WriteProcessMemory request was completed. (0x12B)
[0123/005618.858:WARNING:pe_image_reader.cc(302)] could not read dos header from C:\Windows\System32\sechost.dll
[0123/005618.858:ERROR:process_reader_win.cc(242)] ReadMemory at 0x7ffd72970000 of 64 bytes failed: Only part of a ReadProcessMemory or WriteProcessMemory request was completed. (0x12B)
[0123/005618.858:WARNING:pe_image_reader.cc(302)] could not read dos header from C:\Windows\System32\shlwapi.dll
[0123/005618.858:ERROR:process_reader_win.cc(242)] ReadMemory at 0x7ffd712e0000 of 64 bytes failed: Only part of a ReadProcessMemory or WriteProcessMemory request was completed. (0x12B)
[0123/005618.858:WARNING:pe_image_reader.cc(302)] could not read dos header from C:\Windows\System32\GDI32.dll
[0123/005618.858:ERROR:process_reader_win.cc(242)] ReadMemory at 0x7ffd70e30000 of 64 bytes failed: Only part of a ReadProcessMemory or WriteProcessMemory request was completed. (0x12B)
[0123/005618.858:WARNING:pe_image_reader.cc(302)] could not read dos header from C:\Windows\System32\gdi32full.dll
[0123/005618.858:ERROR:process_reader_win.cc(242)] ReadMemory at 0x7ffd703c0000 of 64 bytes failed: Only part of a ReadProcessMemory or WriteProcessMemory request was completed. (0x12B)
[0123/005618.858:WARNING:pe_image_reader.cc(302)] could not read dos header from C:\Windows\System32\msvcp_win.dll
[0123/005618.858:ERROR:process_reader_win.cc(242)] ReadMemory at 0x7ffd738c0000 of 64 bytes failed: Only part of a ReadProcessMemory or WriteProcessMemory request was completed. (0x12B)
[0123/005618.858:WARNING:pe_image_reader.cc(302)] could not read dos header from C:\Windows\System32\USER32.dll
[0123/005618.858:ERROR:process_reader_win.cc(242)] ReadMemory at 0x7ffd70e10000 of 64 bytes failed: Only part of a ReadProcessMemory or WriteProcessMemory request was completed. (0x12B)
[0123/005618.858:WARNING:pe_image_reader.cc(302)] could not read dos header from C:\Windows\System32\win32u.dll
[0123/005618.858:ERROR:process_reader_win.cc(242)] ReadMemory at 0x7ffd6ff00000 of 64 bytes failed: Only part of a ReadProcessMemory or WriteProcessMemory request was completed. (0x12B)
[0123/005618.858:WARNING:pe_image_reader.cc(302)] could not read dos header from C:\Windows\System32\kernel.appcore.dll
[0123/005618.858:ERROR:process_reader_win.cc(242)] ReadMemory at 0x7ffd6ff70000 of 64 bytes failed: Only part of a ReadProcessMemory or WriteProcessMemory request was completed. (0x12B)
[0123/005618.858:WARNING:pe_image_reader.cc(302)] could not read dos header from C:\Windows\System32\profapi.dll
[0123/005618.858:ERROR:process_reader_win.cc(242)] ReadMemory at 0x7ffd6ff20000 of 64 bytes failed: Only part of a ReadProcessMemory or WriteProcessMemory request was completed. (0x12B)
[0123/005618.858:WARNING:pe_image_reader.cc(302)] could not read dos header from C:\Windows\System32\powrprof.dll
[0123/005618.858:ERROR:process_reader_win.cc(242)] ReadMemory at 0x7ffd6fed0000 of 64 bytes failed: Only part of a ReadProcessMemory or WriteProcessMemory request was completed. (0x12B)
[0123/005618.858:WARNING:pe_image_reader.cc(302)] could not read dos header from C:\Windows\System32\FLTLIB.DLL
[0123/005618.859:ERROR:process_reader_win.cc(242)] ReadMemory at 0x7ffd72ca0000 of 64 bytes failed: Only part of a ReadProcessMemory or WriteProcessMemory request was completed. (0x12B)
[0123/005618.859:WARNING:pe_image_reader.cc(302)] could not read dos header from C:\Windows\System32\PSAPI.DLL
[0123/005618.859:ERROR:process_reader_win.cc(242)] ReadMemory at 0x7ffd52520000 of 64 bytes failed: Only part of a ReadProcessMemory or WriteProcessMemory request was completed. (0x12B)
[0123/005618.859:WARNING:pe_image_reader.cc(302)] could not read dos header from C:\Program Files (x86)\Google\Chrome\Application\71.0.3578.98\chrome_elf.dll
[0123/005618.859:ERROR:process_reader_win.cc(242)] ReadMemory at 0x7ffd6a930000 of 64 bytes failed: Only part of a ReadProcessMemory or WriteProcessMemory request was completed. (0x12B)
[0123/005618.859:WARNING:pe_image_reader.cc(302)] could not read dos header from C:\Windows\SYSTEM32\VERSION.dll
[0123/005618.859:ERROR:process_reader_win.cc(242)] ReadMemory at 0x7ffd6e9b0000 of 64 bytes failed: Only part of a ReadProcessMemory or WriteProcessMemory request was completed. (0x12B)
[0123/005618.859:WARNING:pe_image_reader.cc(302)] could not read dos header from C:\Windows\SYSTEM32\WINMM.dll
[0123/005618.859:ERROR:process_reader_win.cc(242)] ReadMemory at 0x7ffd6fdd0000 of 64 bytes failed: Only part of a ReadProcessMemory or WriteProcessMemory request was completed. (0x12B)
[0123/005618.859:WARNING:pe_image_reader.cc(302)] could not read dos header from C:\Windows\SYSTEM32\USERENV.dll
[0123/005618.859:ERROR:process_reader_win.cc(242)] ReadMemory at 0x7ffd6e980000 of 64 bytes failed: Only part of a ReadProcessMemory or WriteProcessMemory request was completed. (0x12B)
[0123/005618.859:WARNING:pe_image_reader.cc(302)] could not read dos header from C:\Windows\SYSTEM32\WINMMBASE.dll
[0123/005618.859:ERROR:process_reader_win.cc(242)] ReadMemory at 0x7ffd6f920000 of 64 bytes failed: Only part of a ReadProcessMemory or WriteProcessMemory request was completed. (0x12B)
[0123/005618.859:WARNING:pe_image_reader.cc(302)] could not read dos header from C:\Windows\SYSTEM32\CRYPTBASE.DLL
[0123/005618.859:ERROR:process_reader_win.cc(242)] ReadMemory at 0x7ffd711a0000 of 64 bytes failed: Only part of a ReadProcessMemory or WriteProcessMemory request was completed. (0x12B)
[0123/005618.859:WARNING:pe_image_reader.cc(302)] could not read dos header from C:\Windows\System32\IMM32.DLL
[0123/005618.859:ERROR:process_reader_win.cc(242)] ReadMemory at 0x7ffceba00000 of 64 bytes failed: Only part of a ReadProcessMemory or WriteProcessMemory request was completed. (0x12B)
[0123/005618.859:WARNING:pe_image_reader.cc(302)] could not read dos header from C:\Program Files (x86)\Google\Chrome\Application\71.0.3578.98\chrome_child.dll
[0123/005618.859:ERROR:process_reader_win.cc(242)] ReadMemory at 0x7ffd73b20000 of 64 bytes failed: Only part of a ReadProcessMemory or WriteProcessMemory request was completed. (0x12B)
[0123/005618.859:WARNING:pe_image_reader.cc(302)] could not read dos header from C:\Windows\System32\WS2_32.dll
[0123/005618.859:ERROR:process_reader_win.cc(242)] ReadMemory at 0x15b4adc0000 of 64 bytes failed: Only part of a ReadProcessMemory or WriteProcessMemory request was completed. (0x12B)
[0123/005618.859:WARNING:pe_image_reader.cc(302)] could not read dos header from C:\Windows\System32\ole32.dll
[0123/005618.859:ERROR:process_reader_win.cc(242)] ReadMemory at 0x7ffd710d0000 of 64 bytes failed: Only part of a ReadProcessMemory or WriteProcessMemory request was completed. (0x12B)
[0123/005618.859:WARNING:pe_image_reader.cc(302)] could not read dos header from C:\Windows\System32\OLEAUT32.dll
[0123/005618.859:ERROR:process_reader_win.cc(242)] ReadMemory at 0x7ffd70360000 of 64 bytes failed: Only part of a ReadProcessMemory or WriteProcessMemory request was completed. (0x12B)
[0123/005618.859:WARNING:pe_image_reader.cc(302)] could not read dos header from C:\Windows\System32\WINTRUST.dll
[0123/005618.859:ERROR:process_reader_win.cc(242)] ReadMemory at 0x7ffd6fee0000 of 64 bytes failed: Only part of a ReadProcessMemory or WriteProcessMemory request was completed. (0x12B)
[0123/005618.859:WARNING:pe_image_reader.cc(302)] could not read dos header from C:\Windows\System32\MSASN1.dll
[0123/005618.859:ERROR:process_reader_win.cc(242)] ReadMemory at 0x7ffd70460000 of 64 bytes failed: Only part of a ReadProcessMemory or WriteProcessMemory request was completed. (0x12B)
[0123/005618.859:WARNING:pe_image_reader.cc(302)] could not read dos header from C:\Windows\System32\CRYPT32.dll
[0123/005618.859:ERROR:process_reader_win.cc(242)] ReadMemory at 0x15b4b180000 of 64 bytes failed: Only part of a ReadProcessMemory or WriteProcessMemory request was completed. (0x12B)
[0123/005618.859:WARNING:pe_image_reader.cc(302)] could not read dos header from C:\Windows\System32\COMDLG32.dll
[0123/005618.859:ERROR:process_reader_win.cc(242)] ReadMemory at 0x7ffd6f4d0000 of 64 bytes failed: Only part of a ReadProcessMemory or WriteProcessMemory request was completed. (0x12B)
[0123/005618.859:WARNING:pe_image_reader.cc(302)] could not read dos header from C:\Windows\SYSTEM32\IPHLPAPI.DLL
[0123/005618.859:ERROR:process_reader_win.cc(242)] ReadMemory at 0x7ffd5f7b0000 of 64 bytes failed: Only part of a ReadProcessMemory or WriteProcessMemory request was completed. (0x12B)
[0123/005618.859:WARNING:pe_image_reader.cc(302)] could not read dos header from C:\Windows\SYSTEM32\OLEACC.dll
[0123/005618.859:ERROR:process_reader_win.cc(242)] ReadMemory at 0x7ffd5c430000 of 64 bytes failed: Only part of a ReadProcessMemory or WriteProcessMemory request was completed. (0x12B)
[0123/005618.859:WARNING:pe_image_reader.cc(302)] could not read dos header from C:\Windows\WinSxS\amd64_microsoft.windows.common-controls_6595b64144ccf1df_6.0.17134.556_none_fb439e4b3064774e\COMCTL32.dll
[0123/005618.859:ERROR:process_reader_win.cc(242)] ReadMemory at 0x7ffd543f0000 of 64 bytes failed: Only part of a ReadProcessMemory or WriteProcessMemory request was completed. (0x12B)
[0123/005618.859:WARNING:pe_image_reader.cc(302)] could not read dos header from C:\Windows\SYSTEM32\DWrite.dll
[0123/005618.859:ERROR:process_reader_win.cc(242)] ReadMemory at 0x7ffd6ec90000 of 64 bytes failed: Only part of a ReadProcessMemory or WriteProcessMemory request was completed. (0x12B)
[0123/005618.859:WARNING:pe_image_reader.cc(302)] could not read dos header from C:\Windows\SYSTEM32\dxgi.dll
[0123/005618.859:ERROR:process_reader_win.cc(242)] ReadMemory at 0x7ffd5e6c0000 of 64 bytes failed: Only part of a ReadProcessMemory or WriteProcessMemory request was completed. (0x12B)
[0123/005618.859:WARNING:pe_image_reader.cc(302)] could not read dos header from C:\Windows\SYSTEM32\WINSPOOL.DRV
[0123/005618.859:ERROR:process_reader_win.cc(242)] ReadMemory at 0x7ffd6e7b0000 of 64 bytes failed: Only part of a ReadProcessMemory or WriteProcessMemory request was completed. (0x12B)
[0123/005618.861:WARNING:pe_image_reader.cc(302)] could not read dos header from C:\Windows\SYSTEM32\dbghelp.dll
[0123/005618.861:ERROR:process_reader_win.cc(242)] ReadMemory at 0x7ffd4ce80000 of 64 bytes failed: Only part of a ReadProcessMemory or WriteProcessMemory request was completed. (0x12B)
[0123/005618.861:WARNING:pe_image_reader.cc(302)] could not read dos header from C:\Windows\SYSTEM32\USP10.dll
[0123/005618.861:ERROR:process_reader_win.cc(242)] ReadMemory at 0x7ffd6e5a0000 of 64 bytes failed: Only part of a ReadProcessMemory or WriteProcessMemory request was completed. (0x12B)
[0123/005618.861:WARNING:pe_image_reader.cc(302)] could not read dos header from C:\Windows\SYSTEM32\WINHTTP.dll
[0123/005618.861:ERROR:process_reader_win.cc(242)] ReadMemory at 0x7ffd64830000 of 64 bytes failed: Only part of a ReadProcessMemory or WriteProcessMemory request was completed. (0x12B)
[0123/005618.861:WARNING:pe_image_reader.cc(302)] could not read dos header from C:\Windows\SYSTEM32\urlmon.dll
[0123/005618.861:ERROR:process_reader_win.cc(242)] ReadMemory at 0x7ffd64500000 of 64 bytes failed: Only part of a ReadProcessMemory or WriteProcessMemory request was completed. (0x12B)
[0123/005618.861:WARNING:pe_image_reader.cc(302)] could not read dos header from C:\Windows\SYSTEM32\Secur32.dll
[0123/005618.861:ERROR:process_reader_win.cc(242)] ReadMemory at 0x7ffd67230000 of 64 bytes failed: Only part of a ReadProcessMemory or WriteProcessMemory request was completed. (0x12B)
[0123/005618.861:WARNING:pe_image_reader.cc(302)] could not read dos header from C:\Windows\SYSTEM32\dhcpcsvc.DLL
[0123/005618.861:ERROR:process_reader_win.cc(242)] ReadMemory at 0x7ffd72e30000 of 64 bytes failed: Only part of a ReadProcessMemory or WriteProcessMemory request was completed. (0x12B)
[0123/005618.861:WARNING:pe_image_reader.cc(302)] could not read dos header from C:\Windows\System32\NSI.dll
[0123/005618.861:ERROR:process_reader_win.cc(242)] ReadMemory at 0x7ffd6c600000 of 64 bytes failed: Only part of a ReadProcessMemory or WriteProcessMemory request was completed. (0x12B)
[0123/005618.861:WARNING:pe_image_reader.cc(302)] could not read dos header from C:\Windows\SYSTEM32\PROPSYS.dll
[0123/005618.861:ERROR:process_reader_win.cc(242)] ReadMemory at 0x7ffd6fa30000 of 64 bytes failed: Only part of a ReadProcessMemory or WriteProcessMemory request was completed. (0x12B)
[0123/005618.861:WARNING:pe_image_reader.cc(302)] could not read dos header from C:\Windows\SYSTEM32\bcrypt.dll
[0123/005618.861:ERROR:process_reader_win.cc(242)] ReadMemory at 0x7ffd640d0000 of 64 bytes failed: Only part of a ReadProcessMemory or WriteProcessMemory request was completed. (0x12B)
[0123/005618.861:WARNING:pe_image_reader.cc(302)] could not read dos header from C:\Windows\SYSTEM32\iertutil.dll
[0123/005618.861:ERROR:process_reader_win.cc(242)] ReadMemory at 0x7ffd6fe00000 of 64 bytes failed: Only part of a ReadProcessMemory or WriteProcessMemory request was completed. (0x12B)
[0123/005618.861:WARNING:pe_image_reader.cc(302)] could not read dos header from C:\Windows\SYSTEM32\SSPICLI.DLL
[0123/005618.896:ERROR:process_reader_win.cc(242)] ReadMemory at 0x4291ff0000 of 65536 bytes failed: Only part of a ReadProcessMemory or WriteProcessMemory request was completed. (0x12B)
[0123/005618.896:ERROR:process_reader_win.cc(242)] ReadMemory at 0x42921ff000 of 4096 bytes failed: Only part of a ReadProcessMemory or WriteProcessMemory request was completed. (0x12B)
[0123/005618.896:ERROR:process_reader_win.cc(242)] ReadMemory at 0x42923fe000 of 8192 bytes failed: Only part of a ReadProcessMemory or WriteProcessMemory request was completed. (0x12B)
[0123/005618.896:ERROR:process_reader_win.cc(242)] ReadMemory at 0x42925fd000 of 12288 bytes failed: Only part of a ReadProcessMemory or WriteProcessMemory request was completed. (0x12B)
[0123/005618.896:ERROR:process_reader_win.cc(242)] ReadMemory at 0x42927fe000 of 8192 bytes failed: Only part of a ReadProcessMemory or WriteProcessMemory request was completed. (0x12B)
[0123/005618.896:ERROR:process_reader_win.cc(242)] ReadMemory at 0x42929fe000 of 8192 bytes failed: Only part of a ReadProcessMemory or WriteProcessMemory request was completed. (0x12B)
[0123/005618.896:ERROR:process_reader_win.cc(242)] ReadMemory at 0x4292bfd000 of 12288 bytes failed: Only part of a ReadProcessMemory or WriteProcessMemory request was completed. (0x12B)
[0123/005618.896:ERROR:process_reader_win.cc(242)] ReadMemory at 0x4292dfd000 of 12288 bytes failed: Only part of a ReadProcessMemory or WriteProcessMemory request was completed. (0x12B)
[0123/005618.897:ERROR:process_reader_win.cc(242)] ReadMemory at 0x4292ffe000 of 8192 bytes failed: Only part of a ReadProcessMemory or WriteProcessMemory request was completed. (0x12B)
[0123/005618.897:ERROR:process_reader_win.cc(242)] ReadMemory at 0x42931fe000 of 8192 bytes failed: Only part of a ReadProcessMemory or WriteProcessMemory request was completed. (0x12B)
[0123/005618.897:ERROR:process_reader_win.cc(242)] ReadMemory at 0x42933fc000 of 16384 bytes failed: Only part of a ReadProcessMemory or WriteProcessMemory request was completed. (0x12B)
[0123/005618.897:ERROR:process_reader_win.cc(242)] ReadMemory at 0x42935f8000 of 32768 bytes failed: Only part of a ReadProcessMemory or WriteProcessMemory request was completed. (0x12B)
[0123/005618.897:ERROR:process_reader_win.cc(242)] ReadMemory at 0x42937f8000 of 32768 bytes failed: Only part of a ReadProcessMemory or WriteProcessMemory request was completed. (0x12B)
[0123/005618.897:ERROR:process_reader_win.cc(242)] ReadMemory at 0x42939f8000 of 32768 bytes failed: Only part of a ReadProcessMemory or WriteProcessMemory request was completed. (0x12B)
[0123/005618.897:ERROR:process_reader_win.cc(242)] ReadMemory at 0x4293bf8000 of 32768 bytes failed: Only part of a ReadProcessMemory or WriteProcessMemory request was completed. (0x12B)
[0123/005618.897:ERROR:process_reader_win.cc(242)] ReadMemory at 0x4293dfd000 of 12288 bytes failed: Only part of a ReadProcessMemory or WriteProcessMemory request was completed. (0x12B)
[0123/005618.898:ERROR:process_reader_win.cc(242)] ReadMemory at 0x4293ffd000 of 12288 bytes failed: Only part of a ReadProcessMemory or WriteProcessMemory request was completed. (0x12B)
[0123/005618.898:ERROR:process_reader_win.cc(242)] ReadMemory at 0x42941f7000 of 36864 bytes failed: Only part of a ReadProcessMemory or WriteProcessMemory request was completed. (0x12B)
[0123/005618.898:ERROR:process_reader_win.cc(242)] ReadMemory at 0x42943fd000 of 12288 bytes failed: Only part of a ReadProcessMemory or WriteProcessMemory request was completed. (0x12B)
[0123/005618.898:ERROR:process_reader_win.cc(242)] ReadMemory at 0x42945fd000 of 12288 bytes failed: Only part of a ReadProcessMemory or WriteProcessMemory request was completed. (0x12B)
[0123/005618.898:ERROR:process_reader_win.cc(242)] ReadMemory at 0x42947fd000 of 12288 bytes failed: Only part of a ReadProcessMemory or WriteProcessMemory request was completed. (0x12B)
[0123/005618.898:ERROR:process_reader_win.cc(242)] ReadMemory at 0x42949fd000 of 12288 bytes failed: Only part of a ReadProcessMemory or WriteProcessMemory request was completed. (0x12B)
[0123/005618.898:ERROR:process_reader_win.cc(242)] ReadMemory at 0x4294bfc000 of 16384 bytes failed: Only part of a ReadProcessMemory or WriteProcessMemory request was completed. (0x12B)
[0123/005618.898:ERROR:process_reader_win.cc(242)] ReadMemory at 0x4291d99000 of 852 bytes failed: Only part of a ReadProcessMemory or WriteProcessMemory request was completed. (0x12B)
[0123/005618.898:ERROR:process_reader_win.cc(242)] ReadMemory at 0x4291d9a000 of 6024 bytes failed: Only part of a ReadProcessMemory or WriteProcessMemory request was completed. (0x12B)
[0123/005618.899:ERROR:process_reader_win.cc(242)] ReadMemory at 0x4291d9c000 of 6024 bytes failed: Only part of a ReadProcessMemory or WriteProcessMemory request was completed. (0x12B)
[0123/005618.899:ERROR:process_reader_win.cc(242)] ReadMemory at 0x4291d9e000 of 6024 bytes failed: Only part of a ReadProcessMemory or WriteProcessMemory request was completed. (0x12B)
[0123/005618.899:ERROR:process_reader_win.cc(242)] ReadMemory at 0x4291da0000 of 6024 bytes failed: Only part of a ReadProcessMemory or WriteProcessMemory request was completed. (0x12B)
[0123/005618.899:ERROR:process_reader_win.cc(242)] ReadMemory at 0x4291da2000 of 6024 bytes failed: Only part of a ReadProcessMemory or WriteProcessMemory request was completed. (0x12B)
[0123/005618.899:ERROR:process_reader_win.cc(242)] ReadMemory at 0x4291da4000 of 6024 bytes failed: Only part of a ReadProcessMemory or WriteProcessMemory request was completed. (0x12B)
[0123/005618.899:ERROR:process_reader_win.cc(242)] ReadMemory at 0x4291da6000 of 6024 bytes failed: Only part of a ReadProcessMemory or WriteProcessMemory request was completed. (0x12B)
[0123/005618.899:ERROR:process_reader_win.cc(242)] ReadMemory at 0x4291da8000 of 6024 bytes failed: Only part of a ReadProcessMemory or WriteProcessMemory request was completed. (0x12B)
[0123/005618.899:ERROR:process_reader_win.cc(242)] ReadMemory at 0x4291daa000 of 6024 bytes failed: Only part of a ReadProcessMemory or WriteProcessMemory request was completed. (0x12B)
[0123/005618.900:ERROR:process_reader_win.cc(242)] ReadMemory at 0x4291dac000 of 6024 bytes failed: Only part of a ReadProcessMemory or WriteProcessMemory request was completed. (0x12B)
[0123/005618.900:ERROR:process_reader_win.cc(242)] ReadMemory at 0x4291dae000 of 6024 bytes failed: Only part of a ReadProcessMemory or WriteProcessMemory request was completed. (0x12B)
[0123/005618.900:ERROR:process_reader_win.cc(242)] ReadMemory at 0x4291db0000 of 6024 bytes failed: Only part of a ReadProcessMemory or WriteProcessMemory request was completed. (0x12B)
[0123/005618.900:ERROR:process_reader_win.cc(242)] ReadMemory at 0x4291db2000 of 6024 bytes failed: Only part of a ReadProcessMemory or WriteProcessMemory request was completed. (0x12B)
[0123/005618.900:ERROR:process_reader_win.cc(242)] ReadMemory at 0x4291db4000 of 6024 bytes failed: Only part of a ReadProcessMemory or WriteProcessMemory request was completed. (0x12B)
[0123/005618.900:ERROR:process_reader_win.cc(242)] ReadMemory at 0x4291db6000 of 6024 bytes failed: Only part of a ReadProcessMemory or WriteProcessMemory request was completed. (0x12B)
[0123/005618.900:ERROR:process_reader_win.cc(242)] ReadMemory at 0x4291db8000 of 6024 bytes failed: Only part of a ReadProcessMemory or WriteProcessMemory request was completed. (0x12B)
[0123/005618.900:ERROR:process_reader_win.cc(242)] ReadMemory at 0x4291dba000 of 6024 bytes failed: Only part of a ReadProcessMemory or WriteProcessMemory request was completed. (0x12B)
[0123/005618.900:ERROR:process_reader_win.cc(242)] ReadMemory at 0x4291dbc000 of 6024 bytes failed: Only part of a ReadProcessMemory or WriteProcessMemory request was completed. (0x12B)
[0123/005618.900:ERROR:process_reader_win.cc(242)] ReadMemory at 0x4291dbe000 of 6024 bytes failed: Only part of a ReadProcessMemory or WriteProcessMemory request was completed. (0x12B)
[0123/005618.901:ERROR:process_reader_win.cc(242)] ReadMemory at 0x4291dc0000 of 6024 bytes failed: Only part of a ReadProcessMemory or WriteProcessMemory request was completed. (0x12B)
[0123/005618.901:ERROR:process_reader_win.cc(242)] ReadMemory at 0x4291dc2000 of 6024 bytes failed: Only part of a ReadProcessMemory or WriteProcessMemory request was completed. (0x12B)
[0123/005618.901:ERROR:process_reader_win.cc(242)] ReadMemory at 0x4291dc4000 of 6024 bytes failed: Only part of a ReadProcessMemory or WriteProcessMemory request was completed. (0x12B)
[0123/005618.901:ERROR:process_reader_win.cc(242)] ReadMemory at 0x4291dc6000 of 6024 bytes failed: Only part of a ReadProcessMemory or WriteProcessMemory request was completed. (0x12B)
[0123/005618.901:ERROR:process_reader_win.cc(242)] ReadMemory at 0x15b4a9a0ab0 of 512 bytes failed: Only part of a ReadProcessMemory or WriteProcessMemory request was completed. (0x12B)
[0123/005618.901:ERROR:process_reader_win.cc(242)] ReadMemory at 0x15b4a9a0fc0 of 5072 bytes failed: Only part of a ReadProcessMemory or WriteProcessMemory request was completed. (0x12B)
[0123/005618.901:ERROR:process_reader_win.cc(242)] ReadMemory at 0x15b4a9a23a0 of 1012 bytes failed: Only part of a ReadProcessMemory or WriteProcessMemory request was completed. (0x12B)
[0123/005618.901:ERROR:process_reader_win.cc(242)] ReadMemory at 0x15b4a9a29b8 of 118 bytes failed: Only part of a ReadProcessMemory or WriteProcessMemory request was completed. (0x12B)
[0123/005618.901:ERROR:process_reader_win.cc(242)] ReadMemory at 0x15b4a9a2a30 of 1420 bytes failed: Only part of a ReadProcessMemory or WriteProcessMemory request was completed. (0x12B)
[0123/005618.902:ERROR:process_reader_win.cc(242)] ReadMemory at 0x15b4a9a2fbe of 118 bytes failed: Only part of a ReadProcessMemory or WriteProcessMemory request was completed. (0x12B)
[0123/005618.902:ERROR:process_reader_win.cc(242)] ReadMemory at 0x15b4a9a3036 of 96 bytes failed: Only part of a ReadProcessMemory or WriteProcessMemory request was completed. (0x12B)
[0123/005618.902:ERROR:process_reader_win.cc(242)] ReadMemory at 0x15b4a9a30b0 of 58 bytes failed: Only part of a ReadProcessMemory or WriteProcessMemory request was completed. (0x12B)
[0123/005618.902:ERROR:process_reader_win.cc(242)] ReadMemory at 0x15b4a9a31b0 of 132 bytes failed: Only part of a ReadProcessMemory or WriteProcessMemory request was completed. (0x12B)
[0123/005618.902:ERROR:process_reader_win.cc(242)] ReadMemory at 0x15b4a9a3340 of 132 bytes failed: Only part of a ReadProcessMemory or WriteProcessMemory request was completed. (0x12B)
[0123/005618.902:ERROR:process_reader_win.cc(242)] ReadMemory at 0x15b4a9a3500 of 124 bytes failed: Only part of a ReadProcessMemory or WriteProcessMemory request was completed. (0x12B)
[0123/005618.902:ERROR:process_reader_win.cc(242)] ReadMemory at 0x15b4a9a38e0 of 132 bytes failed: Only part of a ReadProcessMemory or WriteProcessMemory request was completed. (0x12B)
[0123/005618.902:ERROR:process_reader_win.cc(242)] ReadMemory at 0x15b4a9a3a70 of 64 bytes failed: Only part of a ReadProcessMemory or WriteProcessMemory request was completed. (0x12B)
[0123/005618.902:ERROR:process_reader_win.cc(242)] ReadMemory at 0x15b4a9a3bd0 of 132 bytes failed: Only part of a ReadProcessMemory or WriteProcessMemory request was completed. (0x12B)
[0123/005618.902:ERROR:process_reader_win.cc(242)] ReadMemory at 0x15b4a9a3d00 of 62 bytes failed: Only part of a ReadProcessMemory or WriteProcessMemory request was completed. (0x12B)
[0123/005618.902:ERROR:process_reader_win.cc(242)] ReadMemory at 0x15b4a9a3ec0 of 132 bytes failed: Only part of a ReadProcessMemory or WriteProcessMemory request was completed. (0x12B)
[0123/005618.902:ERROR:process_reader_win.cc(242)] ReadMemory at 0x15b4a9a4050 of 68 bytes failed: Only part of a ReadProcessMemory or WriteProcessMemory request was completed. (0x12B)
[0123/005618.902:ERROR:process_reader_win.cc(242)] ReadMemory at 0x15b4a9aa550 of 132 bytes failed: Only part of a ReadProcessMemory or WriteProcessMemory request was completed. (0x12B)
[0123/005618.902:ERROR:process_reader_win.cc(242)] ReadMemory at 0x15b4a9aa790 of 132 bytes failed: Only part of a ReadProcessMemory or WriteProcessMemory request was completed. (0x12B)
[0123/005618.903:ERROR:process_reader_win.cc(242)] ReadMemory at 0x15b4a9aa920 of 62 bytes failed: Only part of a ReadProcessMemory or WriteProcessMemory request was completed. (0x12B)
[0123/005618.903:ERROR:process_reader_win.cc(242)] ReadMemory at 0x15b4a9ac090 of 132 bytes failed: Only part of a ReadProcessMemory or WriteProcessMemory request was completed. (0x12B)
[0123/005618.903:ERROR:process_reader_win.cc(242)] ReadMemory at 0x15b4a9ac220 of 60 bytes failed: Only part of a ReadProcessMemory or WriteProcessMemory request was completed. (0x12B)
[0123/005618.903:ERROR:process_reader_win.cc(242)] ReadMemory at 0x15b4a9ac470 of 132 bytes failed: Only part of a ReadProcessMemory or WriteProcessMemory request was completed. (0x12B)
[0123/005618.903:ERROR:process_reader_win.cc(242)] ReadMemory at 0x15b4a9ac600 of 64 bytes failed: Only part of a ReadProcessMemory or WriteProcessMemory request was completed. (0x12B)
[0123/005618.903:ERROR:process_reader_win.cc(242)] ReadMemory at 0x15b4a9ac880 of 132 bytes failed: Only part of a ReadProcessMemory or WriteProcessMemory request was completed. (0x12B)
[0123/005618.903:ERROR:process_reader_win.cc(242)] ReadMemory at 0x15b4a9aca10 of 64 bytes failed: Only part of a ReadProcessMemory or WriteProcessMemory request was completed. (0x12B)
[0123/005618.903:ERROR:process_reader_win.cc(242)] ReadMemory at 0x15b4a9acc70 of 132 bytes failed: Only part of a ReadProcessMemory or WriteProcessMemory request was completed. (0x12B)
[0123/005618.903:ERROR:process_reader_win.cc(242)] ReadMemory at 0x15b4a9ace00 of 60 bytes failed: Only part of a ReadProcessMemory or WriteProcessMemory request was completed. (0x12B)
[0123/005618.903:ERROR:process_reader_win.cc(242)] ReadMemory at 0x15b4a9ad120 of 132 bytes failed: Only part of a ReadProcessMemory or WriteProcessMemory request was completed. (0x12B)
[0123/005618.903:ERROR:process_reader_win.cc(242)] ReadMemory at 0x15b4a9ad2b0 of 60 bytes failed: Only part of a ReadProcessMemory or WriteProcessMemory request was completed. (0x12B)
[0123/005618.903:ERROR:process_reader_win.cc(242)] ReadMemory at 0x15b4a9ad4f0 of 132 bytes failed: Only part of a ReadProcessMemory or WriteProcessMemory request was completed. (0x12B)
[0123/005618.903:ERROR:process_reader_win.cc(242)] ReadMemory at 0x15b4a9ad680 of 62 bytes failed: Only part of a ReadProcessMemory or WriteProcessMemory request was completed. (0x12B)
[0123/005618.903:ERROR:process_reader_win.cc(242)] ReadMemory at 0x15b4a9ae1d0 of 132 bytes failed: Only part of a ReadProcessMemory or WriteProcessMemory request was completed. (0x12B)
[0123/005618.903:ERROR:process_reader_win.cc(242)] ReadMemory at 0x15b4a9ae350 of 76 bytes failed: Only part of a ReadProcessMemory or WriteProcessMemory request was completed. (0x12B)
[0123/005618.904:ERROR:process_reader_win.cc(242)] ReadMemory at 0x15b4a9ae530 of 80 bytes failed: Only part of a ReadProcessMemory or WriteProcessMemory request was completed. (0x12B)
[0123/005618.904:ERROR:process_reader_win.cc(242)] ReadMemory at 0x15b4a9ae890 of 78 bytes failed: Only part of a ReadProcessMemory or WriteProcessMemory request was completed. (0x12B)
[0123/005618.904:ERROR:process_reader_win.cc(242)] ReadMemory at 0x15b4a9aeca0 of 132 bytes failed: Only part of a ReadProcessMemory or WriteProcessMemory request was completed. (0x12B)
[0123/005618.904:ERROR:process_reader_win.cc(242)] ReadMemory at 0x15b4a9aed50 of 512 bytes failed: Only part of a ReadProcessMemory or WriteProcessMemory request was completed. (0x12B)
[0123/005618.904:ERROR:process_reader_win.cc(242)] ReadMemory at 0x15b4a9af180 of 132 bytes failed: Only part of a ReadProcessMemory or WriteProcessMemory request was completed. (0x12B)
[0123/005618.904:ERROR:process_reader_win.cc(242)] ReadMemory at 0x15b4a9af2b0 of 64 bytes failed: Only part of a ReadProcessMemory or WriteProcessMemory request was completed. (0x12B)
[0123/005618.904:ERROR:process_reader_win.cc(242)] ReadMemory at 0x15b4a9b0420 of 132 bytes failed: Only part of a ReadProcessMemory or WriteProcessMemory request was completed. (0x12B)
[0123/005618.904:ERROR:process_reader_win.cc(242)] ReadMemory at 0x15b4a9b05a0 of 58 bytes failed: Only part of a ReadProcessMemory or WriteProcessMemory request was completed. (0x12B)
[0123/005618.904:ERROR:process_reader_win.cc(242)] ReadMemory at 0x15b4a9b05f0 of 66 bytes failed: Only part of a ReadProcessMemory or WriteProcessMemory request was completed. (0x12B)
[0123/005618.904:ERROR:process_reader_win.cc(242)] ReadMemory at 0x15b4a9b0730 of 58 bytes failed: Only part of a ReadProcessMemory or WriteProcessMemory request was completed. (0x12B)
[0123/005618.904:ERROR:process_reader_win.cc(242)] ReadMemory at 0x15b4a9b0780 of 60 bytes failed: Only part of a ReadProcessMemory or WriteProcessMemory request was completed. (0x12B)
[0123/005618.904:ERROR:process_reader_win.cc(242)] ReadMemory at 0x15b4a9b07d0 of 60 bytes failed: Only part of a ReadProcessMemory or WriteProcessMemory request was completed. (0x12B)
[0123/005618.904:ERROR:process_reader_win.cc(242)] ReadMemory at 0x15b4a9b0820 of 60 bytes failed: Only part of a ReadProcessMemory or WriteProcessMemory request was completed. (0x12B)
[0123/005618.904:ERROR:process_reader_win.cc(242)] ReadMemory at 0x15b4a9b0910 of 64 bytes failed: Only part of a ReadProcessMemory or WriteProcessMemory request was completed. (0x12B)
[0123/005618.904:ERROR:process_reader_win.cc(242)] ReadMemory at 0x15b4a9b0960 of 66 bytes failed: Only part of a ReadProcessMemory or WriteProcessMemory request was completed. (0x12B)
[0123/005618.904:ERROR:process_reader_win.cc(242)] ReadMemory at 0x15b4a9b0af0 of 58 bytes failed: Only part of a ReadProcessMemory or WriteProcessMemory request was completed. (0x12B)
[0123/005618.904:ERROR:process_reader_win.cc(242)] ReadMemory at 0x15b4a9b0b90 of 62 bytes failed: Only part of a ReadProcessMemory or WriteProcessMemory request was completed. (0x12B)
[0123/005618.904:ERROR:process_reader_win.cc(242)] ReadMemory at 0x15b4a9b0be0 of 62 bytes failed: Only part of a ReadProcessMemory or WriteProcessMemory request was completed. (0x12B)
[0123/005618.904:ERROR:process_reader_win.cc(242)] ReadMemory at 0x15b4a9b0c30 of 62 bytes failed: Only part of a ReadProcessMemory or WriteProcessMemory request was completed. (0x12B)
[0123/005618.905:ERROR:process_reader_win.cc(242)] ReadMemory at 0x15b4a9b0cd0 of 62 bytes failed: Only part of a ReadProcessMemory or WriteProcessMemory request was completed. (0x12B)
[0123/005618.905:ERROR:process_reader_win.cc(242)] ReadMemory at 0x15b4a9b0d60 of 156 bytes failed: Only part of a ReadProcessMemory or WriteProcessMemory request was completed. (0x12B)
[0123/005618.905:ERROR:process_reader_win.cc(242)] ReadMemory at 0x15b4a9b0e80 of 132 bytes failed: Only part of a ReadProcessMemory or WriteProcessMemory request was completed. (0x12B)
[0123/005618.905:ERROR:process_reader_win.cc(242)] ReadMemory at 0x15b4a9b0fb0 of 132 bytes failed: Only part of a ReadProcessMemory or WriteProcessMemory request was completed. (0x12B)
[0123/005618.905:ERROR:process_reader_win.cc(242)] ReadMemory at 0x15b4a9b10e0 of 132 bytes failed: Only part of a ReadProcessMemory or WriteProcessMemory request was completed. (0x12B)
[0123/005618.905:ERROR:process_reader_win.cc(242)] ReadMemory at 0x15b4a9b1210 of 132 bytes failed: Only part of a ReadProcessMemory or WriteProcessMemory request was completed. (0x12B)
[0123/005618.905:ERROR:process_reader_win.cc(242)] ReadMemory at 0x15b4a9b1340 of 132 bytes failed: Only part of a ReadProcessMemory or WriteProcessMemory request was completed. (0x12B)
[0123/005618.905:ERROR:process_reader_win.cc(242)] ReadMemory at 0x15b4a9b1470 of 132 bytes failed: Only part of a ReadProcessMemory or WriteProcessMemory request was completed. (0x12B)
[0123/005618.905:ERROR:process_reader_win.cc(242)] ReadMemory at 0x15b4a9b15a0 of 132 bytes failed: Only part of a ReadProcessMemory or WriteProcessMemory request was completed. (0x12B)
[0123/005618.905:ERROR:process_reader_win.cc(242)] ReadMemory at 0x15b4a9b16d0 of 132 bytes failed: Only part of a ReadProcessMemory or WriteProcessMemory request was completed. (0x12B)
[0123/005618.905:ERROR:process_reader_win.cc(242)] ReadMemory at 0x15b4a9b1800 of 132 bytes failed: Only part of a ReadProcessMemory or WriteProcessMemory request was completed. (0x12B)
[0123/005618.905:ERROR:process_reader_win.cc(242)] ReadMemory at 0x15b4a9b1930 of 132 bytes failed: Only part of a ReadProcessMemory or WriteProcessMemory request was completed. (0x12B)
[0123/005618.905:ERROR:process_reader_win.cc(242)] ReadMemory at 0x15b4a9b1a60 of 132 bytes failed: Only part of a ReadProcessMemory or WriteProcessMemory request was completed. (0x12B)
[0123/005618.905:ERROR:process_reader_win.cc(242)] ReadMemory at 0x15b4a9b1b90 of 132 bytes failed: Only part of a ReadProcessMemory or WriteProcessMemory request was completed. (0x12B)
[0123/005618.906:ERROR:process_reader_win.cc(242)] ReadMemory at 0x15b4a9b1cc0 of 132 bytes failed: Only part of a ReadProcessMemory or WriteProcessMemory request was completed. (0x12B)
[0123/005618.906:ERROR:process_reader_win.cc(242)] ReadMemory at 0x15b4a9b3790 of 246 bytes failed: Only part of a ReadProcessMemory or WriteProcessMemory request was completed. (0x12B)
[0123/005618.906:ERROR:process_reader_win.cc(242)] ReadMemory at 0x15b4a9b38e0 of 132 bytes failed: Only part of a ReadProcessMemory or WriteProcessMemory request was completed. (0x12B)
[0123/005618.906:ERROR:process_reader_win.cc(242)] ReadMemory at 0x15b4a9b3a10 of 132 bytes failed: Only part of a ReadProcessMemory or WriteProcessMemory request was completed. (0x12B)
[0123/005618.906:ERROR:process_reader_win.cc(242)] ReadMemory at 0x15b4a9b3b40 of 132 bytes failed: Only part of a ReadProcessMemory or WriteProcessMemory request was completed. (0x12B)
[0123/005618.906:ERROR:process_reader_win.cc(242)] ReadMemory at 0x15b4a9b3c70 of 132 bytes failed: Only part of a ReadProcessMemory or WriteProcessMemory request was completed. (0x12B)
[0123/005618.906:ERROR:process_reader_win.cc(242)] ReadMemory at 0x15b4a9b3da0 of 132 bytes failed: Only part of a ReadProcessMemory or WriteProcessMemory request was completed. (0x12B)
[0123/005618.906:ERROR:process_reader_win.cc(242)] ReadMemory at 0x15b4a9b3ed0 of 132 bytes failed: Only part of a ReadProcessMemory or WriteProcessMemory request was completed. (0x12B)
[0123/005618.906:ERROR:process_reader_win.cc(242)] ReadMemory at 0x15b4a9b4000 of 132 bytes failed: Only part of a ReadProcessMemory or WriteProcessMemory request was completed. (0x12B)
[0123/005618.906:ERROR:process_reader_win.cc(242)] ReadMemory at 0x15b4a9b4130 of 132 bytes failed: Only part of a ReadProcessMemory or WriteProcessMemory request was completed. (0x12B)
[0123/005618.906:ERROR:process_reader_win.cc(242)] ReadMemory at 0x15b4a9b4260 of 132 bytes failed: Only part of a ReadProcessMemory or WriteProcessMemory request was completed. (0x12B)
[0123/005618.907:ERROR:process_reader_win.cc(242)] ReadMemory at 0x15b4a9b4390 of 132 bytes failed: Only part of a ReadProcessMemory or WriteProcessMemory request was completed. (0x12B)
[0123/005618.907:ERROR:process_reader_win.cc(242)] ReadMemory at 0x15b4a9b44c0 of 132 bytes failed: Only part of a ReadProcessMemory or WriteProcessMemory request was completed. (0x12B)
[0123/005618.907:ERROR:process_reader_win.cc(242)] ReadMemory at 0x15b4a9b45f0 of 132 bytes failed: Only part of a ReadProcessMemory or WriteProcessMemory request was completed. (0x12B)
[0123/005618.907:ERROR:process_reader_win.cc(242)] ReadMemory at 0x15b4a9b4720 of 132 bytes failed: Only part of a ReadProcessMemory or WriteProcessMemory request was completed. (0x12B)
[0123/005618.907:ERROR:process_reader_win.cc(242)] ReadMemory at 0x15b4a9b4850 of 132 bytes failed: Only part of a ReadProcessMemory or WriteProcessMemory request was completed. (0x12B)
[0123/005618.907:ERROR:process_reader_win.cc(242)] ReadMemory at 0x15b4a9b4ab0 of 132 bytes failed: Only part of a ReadProcessMemory or WriteProcessMemory request was completed. (0x12B)
[0123/005618.907:ERROR:process_reader_win.cc(242)] ReadMemory at 0x15b4a9b4be0 of 132 bytes failed: Only part of a ReadProcessMemory or WriteProcessMemory request was completed. (0x12B)
[0123/005618.907:ERROR:process_reader_win.cc(242)] ReadMemory at 0x15b4a9b4d10 of 132 bytes failed: Only part of a ReadProcessMemory or WriteProcessMemory request was completed. (0x12B)
[0123/005618.908:ERROR:process_reader_win.cc(242)] ReadMemory at 0x15b4a9b4e40 of 132 bytes failed: Only part of a ReadProcessMemory or WriteProcessMemory request was completed. (0x12B)
[0123/005618.908:ERROR:process_reader_win.cc(242)] ReadMemory at 0x15b4a9b4f70 of 132 bytes failed: Only part of a ReadProcessMemory or WriteProcessMemory request was completed. (0x12B)
[0123/005618.908:ERROR:process_reader_win.cc(242)] ReadMemory at 0x15b4a9b51d0 of 132 bytes failed: Only part of a ReadProcessMemory or WriteProcessMemory request was completed. (0x12B)
[0123/005618.908:ERROR:process_reader_win.cc(242)] ReadMemory at 0x15b4a9b5300 of 132 bytes failed: Only part of a ReadProcessMemory or WriteProcessMemory request was completed. (0x12B)
[0123/005618.909:ERROR:process_reader_win.cc(242)] ReadMemory at 0x15b4a9b5430 of 132 bytes failed: Only part of a ReadProcessMemory or WriteProcessMemory request was completed. (0x12B)
[0123/005618.909:ERROR:process_reader_win.cc(242)] ReadMemory at 0x15b4a9b5560 of 132 bytes failed: Only part of a ReadProcessMemory or WriteProcessMemory request was completed. (0x12B)
[0123/005618.909:ERROR:process_reader_win.cc(242)] ReadMemory at 0x15b4a9b5690 of 132 bytes failed: Only part of a ReadProcessMemory or WriteProcessMemory request was completed. (0x12B)
[0123/005618.909:ERROR:process_reader_win.cc(242)] ReadMemory at 0x15b4a9b68b0 of 152 bytes failed: Only part of a ReadProcessMemory or WriteProcessMemory request was completed. (0x12B)
[0123/005618.909:ERROR:process_reader_win.cc(242)] ReadMemory at 0x15b4a9b819a of 512 bytes failed: Only part of a ReadProcessMemory or WriteProcessMemory request was completed. (0x12B)
[0123/005618.909:ERROR:process_reader_win.cc(242)] ReadMemory at 0x15b4a9b9070 of 58 bytes failed: Only part of a ReadProcessMemory or WriteProcessMemory request was completed. (0x12B)
[0123/005618.909:ERROR:process_reader_win.cc(242)] ReadMemory at 0x15b4a9b9200 of 66 bytes failed: Only part of a ReadProcessMemory or WriteProcessMemory request was completed. (0x12B)
[0123/005618.909:ERROR:process_reader_win.cc(242)] ReadMemory at 0x15b4a9b9340 of 58 bytes failed: Only part of a ReadProcessMemory or WriteProcessMemory request was completed. (0x12B)
[0123/005618.909:ERROR:process_reader_win.cc(242)] ReadMemory at 0x15b4a9b9390 of 64 bytes failed: Only part of a ReadProcessMemory or WriteProcessMemory request was completed. (0x12B)
[0123/005618.909:ERROR:process_reader_win.cc(242)] ReadMemory at 0x15b4a9b93e0 of 60 bytes failed: Only part of a ReadProcessMemory or WriteProcessMemory request was completed. (0x12B)
[0123/005618.909:ERROR:process_reader_win.cc(242)] ReadMemory at 0x15b4a9b9430 of 64 bytes failed: Only part of a ReadProcessMemory or WriteProcessMemory request was completed. (0x12B)
[0123/005618.909:ERROR:process_reader_win.cc(242)] ReadMemory at 0x15b4a9b9480 of 64 bytes failed: Only part of a ReadProcessMemory or WriteProcessMemory request was completed. (0x12B)
[0123/005618.909:ERROR:process_reader_win.cc(242)] ReadMemory at 0x15b4a9b9890 of 62 bytes failed: Only part of a ReadProcessMemory or WriteProcessMemory request was completed. (0x12B)
[0123/005618.909:ERROR:process_reader_win.cc(242)] ReadMemory at 0x15b4a9b98e0 of 64 bytes failed: Only part of a ReadProcessMemory or WriteProcessMemory request was completed. (0x12B)
[0123/005618.909:ERROR:process_reader_win.cc(242)] ReadMemory at 0x15b4a9b9930 of 62 bytes failed: Only part of a ReadProcessMemory or WriteProcessMemory request was completed. (0x12B)
[0123/005618.909:ERROR:process_reader_win.cc(242)] ReadMemory at 0x15b4a9b9980 of 66 bytes failed: Only part of a ReadProcessMemory or WriteProcessMemory request was completed. (0x12B)
[0123/005618.910:ERROR:process_reader_win.cc(242)] ReadMemory at 0x15b4a9b9fc0 of 60 bytes failed: Only part of a ReadProcessMemory or WriteProcessMemory request was completed. (0x12B)
[0123/005618.910:ERROR:process_reader_win.cc(242)] ReadMemory at 0x15b4a9c25b0 of 54 bytes failed: Only part of a ReadProcessMemory or WriteProcessMemory request was completed. (0x12B)
[0123/005618.910:ERROR:process_reader_win.cc(242)] ReadMemory at 0x15b4a9c8420 of 64 bytes failed: Only part of a ReadProcessMemory or WriteProcessMemory request was completed. (0x12B)
[0123/005618.910:ERROR:process_reader_win.cc(242)] ReadMemory at 0x15b4a9c8510 of 62 bytes failed: Only part of a ReadProcessMemory or WriteProcessMemory request was completed. (0x12B)
[0123/005618.910:ERROR:process_reader_win.cc(242)] ReadMemory at 0x15b4a9c8650 of 62 bytes failed: Only part of a ReadProcessMemory or WriteProcessMemory request was completed. (0x12B)
[0123/005618.910:ERROR:process_reader_win.cc(242)] ReadMemory at 0x15b4a9c86f0 of 62 bytes failed: Only part of a ReadProcessMemory or WriteProcessMemory request was completed. (0x12B)
[0123/005618.910:ERROR:process_reader_win.cc(242)] ReadMemory at 0x15b4a9c87e0 of 60 bytes failed: Only part of a ReadProcessMemory or WriteProcessMemory request was completed. (0x12B)
[0123/005618.910:ERROR:process_reader_win.cc(242)] ReadMemory at 0x15b4a9c8830 of 56 bytes failed: Only part of a ReadProcessMemory or WriteProcessMemory request was completed. (0x12B)
[0123/005618.910:ERROR:process_reader_win.cc(242)] ReadMemory at 0x15b4a9c8880 of 58 bytes failed: Only part of a ReadProcessMemory or WriteProcessMemory request was completed. (0x12B)
[0123/005618.910:ERROR:process_reader_win.cc(242)] ReadMemory at 0x15b4a9c89c0 of 60 bytes failed: Only part of a ReadProcessMemory or WriteProcessMemory request was completed. (0x12B)
[0123/005618.910:ERROR:process_reader_win.cc(242)] ReadMemory at 0x15b4a9c8a10 of 62 bytes failed: Only part of a ReadProcessMemory or WriteProcessMemory request was completed. (0x12B)
[0123/005618.910:ERROR:process_reader_win.cc(242)] ReadMemory at 0x15b4a9c8ba0 of 64 bytes failed: Only part of a ReadProcessMemory or WriteProcessMemory request was completed. (0x12B)
[0123/005618.910:ERROR:process_reader_win.cc(242)] ReadMemory at 0x15b4a9c8d80 of 64 bytes failed: Only part of a ReadProcessMemory or WriteProcessMemory request was completed. (0x12B)
[0123/005618.910:ERROR:process_reader_win.cc(242)] ReadMemory at 0x15b4a9c8dd0 of 62 bytes failed: Only part of a ReadProcessMemory or WriteProcessMemory request was completed. (0x12B)
[0123/005618.910:ERROR:process_reader_win.cc(242)] ReadMemory at 0x15b4a9c8f60 of 60 bytes failed: Only part of a ReadProcessMemory or WriteProcessMemory request was completed. (0x12B)
[0123/005618.911:ERROR:process_reader_win.cc(242)] ReadMemory at 0x15b4a9c9280 of 60 bytes failed: Only part of a ReadProcessMemory or WriteProcessMemory request was completed. (0x12B)
[0123/005618.911:ERROR:process_reader_win.cc(242)] ReadMemory at 0x15b4a9ca6e0 of 132 bytes failed: Only part of a ReadProcessMemory or WriteProcessMemory request was completed. (0x12B)
[0123/005618.911:ERROR:process_reader_win.cc(242)] ReadMemory at 0x15b4a9cae00 of 132 bytes failed: Only part of a ReadProcessMemory or WriteProcessMemory request was completed. (0x12B)
[0123/005618.911:ERROR:process_reader_win.cc(242)] ReadMemory at 0x15b4a9caf30 of 132 bytes failed: Only part of a ReadProcessMemory or WriteProcessMemory request was completed. (0x12B)
[0123/005618.911:ERROR:process_reader_win.cc(242)] ReadMemory at 0x15b4a9cb060 of 132 bytes failed: Only part of a ReadProcessMemory or WriteProcessMemory request was completed. (0x12B)
[0123/005618.911:ERROR:process_reader_win.cc(242)] ReadMemory at 0x15b4a9cb190 of 132 bytes failed: Only part of a ReadProcessMemory or WriteProcessMemory request was completed. (0x12B)
[0123/005618.911:ERROR:process_reader_win.cc(242)] ReadMemory at 0x15b4a9d52d0 of 512 bytes failed: Only part of a ReadProcessMemory or WriteProcessMemory request was completed. (0x12B)
[0123/005618.911:ERROR:process_reader_win.cc(242)] ReadMemory at 0x15b4a9debe0 of 512 bytes failed: Only part of a ReadProcessMemory or WriteProcessMemory request was completed. (0x12B)
[0123/005618.911:ERROR:process_reader_win.cc(242)] ReadMemory at 0x15b4a9dff50 of 512 bytes failed: Only part of a ReadProcessMemory or WriteProcessMemory request was completed. (0x12B)
[0123/005618.911:ERROR:process_reader_win.cc(242)] ReadMemory at 0x15b4acf0000 of 384 bytes failed: Only part of a ReadProcessMemory or WriteProcessMemory request was completed. (0x12B)
[0123/005618.911:ERROR:process_reader_win.cc(242)] ReadMemory at 0x15b4acf0ea0 of 512 bytes failed: Only part of a ReadProcessMemory or WriteProcessMemory request was completed. (0x12B)
[0123/005618.911:ERROR:process_reader_win.cc(242)] ReadMemory at 0x15b4b270000 of 384 bytes failed: Only part of a ReadProcessMemory or WriteProcessMemory request was completed. (0x12B)
[0123/005618.911:ERROR:process_reader_win.cc(242)] ReadMemory at 0x15b4b284e50 of 512 bytes failed: Only part of a ReadProcessMemory or WriteProcessMemory request was completed. (0x12B)
[0123/005618.911:ERROR:process_reader_win.cc(242)] ReadMemory at 0x15b4b2a9d40 of 512 bytes failed: Only part of a ReadProcessMemory or WriteProcessMemory request was completed. (0x12B)
[0123/005618.911:ERROR:process_reader_win.cc(242)] ReadMemory at 0x15b4b2ad430 of 512 bytes failed: Only part of a ReadProcessMemory or WriteProcessMemory request was completed. (0x12B)
[0123/005618.911:ERROR:process_reader_win.cc(242)] ReadMemory at 0x15b4b2b58d8 of 512 bytes failed: Only part of a ReadProcessMemory or WriteProcessMemory request was completed. (0x12B)
[0123/005618.911:ERROR:process_reader_win.cc(242)] ReadMemory at 0x15b4b2c8d88 of 512 bytes failed: Only part of a ReadProcessMemory or WriteProcessMemory request was completed. (0x12B)
[0123/005618.911:ERROR:process_reader_win.cc(242)] ReadMemory at 0x15b4b2cd3e0 of 688 bytes failed: Only part of a ReadProcessMemory or WriteProcessMemory request was completed. (0x12B)
[0123/005618.911:ERROR:process_reader_win.cc(242)] ReadMemory at 0x15b4b2d4148 of 512 bytes failed: Only part of a ReadProcessMemory or WriteProcessMemory request was completed. (0x12B)
[0123/005618.911:ERROR:process_reader_win.cc(242)] ReadMemory at 0x15b4b420000 of 384 bytes failed: Only part of a ReadProcessMemory or WriteProcessMemory request was completed. (0x12B)
[0123/005618.911:ERROR:process_reader_win.cc(242)] ReadMemory at 0x15b4d349840 of 512 bytes failed: Only part of a ReadProcessMemory or WriteProcessMemory request was completed. (0x12B)
[0123/005618.911:ERROR:process_reader_win.cc(242)] ReadMemory at 0x15b4d392ff0 of 512 bytes failed: Only part of a ReadProcessMemory or WriteProcessMemory request was completed. (0x12B)
[0123/005618.911:ERROR:process_reader_win.cc(242)] ReadMemory at 0x15b4d822a40 of 512 bytes failed: Only part of a ReadProcessMemory or WriteProcessMemory request was completed. (0x12B)
[0123/005618.911:ERROR:process_reader_win.cc(242)] ReadMemory at 0x15b4d831b70 of 512 bytes failed: Only part of a ReadProcessMemory or WriteProcessMemory request was completed. (0x12B)
[0123/005618.911:ERROR:process_reader_win.cc(242)] ReadMemory at 0x15b4d8321b8 of 512 bytes failed: Only part of a ReadProcessMemory or WriteProcessMemory request was completed. (0x12B)
[0123/005618.911:ERROR:process_reader_win.cc(242)] ReadMemory at 0x15b4d86d168 of 512 bytes failed: Only part of a ReadProcessMemory or WriteProcessMemory request was completed. (0x12B)
[0123/005618.911:ERROR:process_reader_win.cc(242)] ReadMemory at 0x15b4d9f1b38 of 512 bytes failed: Only part of a ReadProcessMemory or WriteProcessMemory request was completed. (0x12B)
[0123/005618.911:ERROR:process_reader_win.cc(242)] ReadMemory at 0x15b4daad8c0 of 512 bytes failed: Only part of a ReadProcessMemory or WriteProcessMemory request was completed. (0x12B)
[0123/005618.911:ERROR:process_reader_win.cc(242)] ReadMemory at 0x15b4efb9fe0 of 512 bytes failed: Only part of a ReadProcessMemory or WriteProcessMemory request was completed. (0x12B)
[0123/005618.911:ERROR:process_reader_win.cc(242)] ReadMemory at 0x15b4f095e20 of 512 bytes failed: Only part of a ReadProcessMemory or WriteProcessMemory request was completed. (0x12B)
[0123/005618.911:ERROR:process_reader_win.cc(242)] ReadMemory at 0x15b4f0963b8 of 512 bytes failed: Only part of a ReadProcessMemory or WriteProcessMemory request was completed. (0x12B)
[0123/005618.911:ERROR:process_reader_win.cc(242)] ReadMemory at 0x15b4f097228 of 512 bytes failed: Only part of a ReadProcessMemory or WriteProcessMemory request was completed. (0x12B)
[0123/005618.911:ERROR:process_reader_win.cc(242)] ReadMemory at 0x15b4f0f1ba0 of 512 bytes failed: Only part of a ReadProcessMemory or WriteProcessMemory request was completed. (0x12B)
[0123/005618.911:ERROR:process_reader_win.cc(242)] ReadMemory at 0x15b52c3bdc0 of 516 bytes failed: Only part of a ReadProcessMemory or WriteProcessMemory request was completed. (0x12B)
[0123/005618.911:ERROR:process_reader_win.cc(242)] ReadMemory at 0x15b52c3eca4 of 512 bytes failed: Only part of a ReadProcessMemory or WriteProcessMemory request was completed. (0x12B)
[0123/005618.911:ERROR:process_reader_win.cc(242)] ReadMemory at 0x15b53447d60 of 512 bytes failed: Only part of a ReadProcessMemory or WriteProcessMemory request was completed. (0x12B)
[0123/005618.911:ERROR:process_reader_win.cc(242)] ReadMemory at 0x662cc8e8d30 of 512 bytes failed: Only part of a ReadProcessMemory or WriteProcessMemory request was completed. (0x12B)
[0123/005618.911:ERROR:process_reader_win.cc(242)] ReadMemory at 0x409c2dc4fb9c of 512 bytes failed: Only part of a ReadProcessMemory or WriteProcessMemory request was completed. (0x12B)
[0123/005618.911:ERROR:process_reader_win.cc(242)] ReadMemory at 0x409c2e5d0314 of 512 bytes failed: Only part of a ReadProcessMemory or WriteProcessMemory request was completed. (0x12B)
[0123/005618.911:ERROR:process_reader_win.cc(242)] ReadMemory at 0x5762acaa2600 of 512 bytes failed: Only part of a ReadProcessMemory or WriteProcessMemory request was completed. (0x12B)
[0123/005618.911:ERROR:process_reader_win.cc(242)] ReadMemory at 0x5be5b9e0fab0 of 512 bytes failed: Only part of a ReadProcessMemory or WriteProcessMemory request was completed. (0x12B)
[0123/005618.911:ERROR:process_reader_win.cc(242)] ReadMemory at 0x6dbc3606c160 of 512 bytes failed: Only part of a ReadProcessMemory or WriteProcessMemory request was completed. (0x12B)
[0123/005618.911:ERROR:process_reader_win.cc(242)] ReadMemory at 0x6dbc3607ac10 of 520 bytes failed: Only part of a ReadProcessMemory or WriteProcessMemory request was completed. (0x12B)
[0123/005618.911:ERROR:process_reader_win.cc(242)] ReadMemory at 0x6dbc360b6318 of 512 bytes failed: Only part of a ReadProcessMemory or WriteProcessMemory request was completed. (0x12B)
[0123/005618.911:ERROR:process_reader_win.cc(242)] ReadMemory at 0x7804fc382ff0 of 512 bytes failed: Only part of a ReadProcessMemory or WriteProcessMemory request was completed. (0x12B)
[0123/005618.911:ERROR:process_reader_win.cc(242)] ReadMemory at 0x7c47ffa02801 of 512 bytes failed: Only part of a ReadProcessMemory or WriteProcessMemory request was completed. (0x12B)
[0123/005618.914:ERROR:process_reader_win.cc(242)] ReadMemory at 0x7ffcebc70797 of 512 bytes failed: Only part of a ReadProcessMemory or WriteProcessMemory request was completed. (0x12B)
[0123/005618.914:ERROR:process_reader_win.cc(242)] ReadMemory at 0x7ffcec4b8180 of 605 bytes failed: Only part of a ReadProcessMemory or WriteProcessMemory request was completed. (0x12B)
[0123/005618.914:ERROR:process_reader_win.cc(242)] ReadMemory at 0x7ffceffb137c of 540 bytes failed: Only part of a ReadProcessMemory or WriteProcessMemory request was completed. (0x12B)
[0123/005618.914:ERROR:process_reader_win.cc(242)] ReadMemory at 0x7ffd52532bae of 512 bytes failed: Only part of a ReadProcessMemory or WriteProcessMemory request was completed. (0x12B)
[0123/005618.914:ERROR:process_reader_win.cc(242)] ReadMemory at 0x7ffd7011a308 of 512 bytes failed: Only part of a ReadProcessMemory or WriteProcessMemory request was completed. (0x12B)
[0123/005618.914:ERROR:process_reader_win.cc(242)] ReadMemory at 0x7ffd72aa0b90 of 512 bytes failed: Only part of a ReadProcessMemory or WriteProcessMemory request was completed. (0x12B)
[0123/005618.914:ERROR:process_reader_win.cc(242)] ReadMemory at 0x7ffd73be6270 of 512 bytes failed: Only part of a ReadProcessMemory or WriteProcessMemory request was completed. (0x12B)
[0123/005618.914:ERROR:process_reader_win.cc(242)] ReadMemory at 0x7ffd73be79f0 of 512 bytes failed: Only part of a ReadProcessMemory or WriteProcessMemory request was completed. (0x12B)
[0123/005618.914:ERROR:process_reader_win.cc(242)] ReadMemory at 0x7ffd73be82e0 of 512 bytes failed: Only part of a ReadProcessMemory or WriteProcessMemory request was completed. (0x12B)
[0123/005618.914:ERROR:process_reader_win.cc(242)] ReadMemory at 0x7ffd73bea0d0 of 512 bytes failed: Only part of a ReadProcessMemory or WriteProcessMemory request was completed. (0x12B)
[0123/005618.914:ERROR:process_reader_win.cc(242)] ReadMemory at 0x7ffd73c5a9a4 of 832 bytes failed: Only part of a ReadProcessMemory or WriteProcessMemory request was completed. (0x12B)
[0123/005618.914:ERROR:process_reader_win.cc(242)] ReadMemory at 0x7ffd73c5e214 of 608 bytes failed: Only part of a ReadProcessMemory or WriteProcessMemory request was completed. (0x12B)
[0123/005618.914:ERROR:process_reader_win.cc(242)] ReadMemory at 0x7ffd73cd9380 of 512 bytes failed: Only part of a ReadProcessMemory or WriteProcessMemory request was completed. (0x12B)
[0123/005618.914:ERROR:process_reader_win.cc(242)] ReadMemory at 0x7ffd73ce01e0 of 18 bytes failed: Only part of a ReadProcessMemory or WriteProcessMemory request was completed. (0x12B)
[0123/005618.914:ERROR:process_reader_win.cc(242)] ReadMemory at 0x7ffd73d165b0 of 40 bytes failed: Only part of a ReadProcessMemory or WriteProcessMemory request was completed. (0x12B)
[0123/005618.915:ERROR:process_reader_win.cc(242)] ReadMemory at 0x7ffd73d16a08 of 48 bytes failed: Only part of a ReadProcessMemory or WriteProcessMemory request was completed. (0x12B)
[0123/005618.915:ERROR:process_reader_win.cc(242)] ReadMemory at 0x7ffd73d1c360 of 64 bytes failed: Only part of a ReadProcessMemory or WriteProcessMemory request was completed. (0x12B)
[0123/005618.916:ERROR:scoped_process_suspend.cc(40)] NtResumeProcess: An attempt was made to access an exiting process. (0xc000010a)
